20230129	20:27:23	b03958b9-f770-423d-aa35-8d38ae06a234	Error: ENOENT: no such file or directory, stat 'C:\Users\ze-zl\projects\code\project\backendApi\src\config\views\404.html'	PUT	/users/update-profile	http://localhost:3000
20230129	22:57:41	30c48643-0b3c-4043-9e2d-640805f891a6	Error: ENOENT: no such file or directory, stat 'C:\Users\ze-zl\projects\code\project\backendApi\src\config\views\404.html'	PUT	/users/update-profile	http://localhost:3000
20230129	22:57:55	32c44e24-5326-4809-be37-13f61dab71c6	Error: ENOENT: no such file or directory, stat 'C:\Users\ze-zl\projects\code\project\backendApi\src\config\views\404.html'	PUT	/users/update-profile	http://localhost:3000
20230306	20:30:36	8aadae53-9c39-4665-802f-cade555b6f20	Error: Not allowed by CORS	OPTIONS	/users/current-user	http://localhost:8080
20230306	20:30:37	48465756-3a7a-4a23-a609-de35708a7e29	Error: Not allowed by CORS	OPTIONS	/users/role	http://localhost:8080
20230306	20:31:44	b15c8947-c261-4e38-a8bd-5872ef8e9824	Error: Not allowed by CORS	OPTIONS	/auth	http://localhost:8080
20230306	20:32:34	40ee3b5f-dbc9-4a7f-986e-6c420db0cb48	Error: Not allowed by CORS	OPTIONS	/auth	http://localhost:8080
20230306	20:34:09	add927cc-ad4a-404f-8d48-6640e5019724	Error: Not allowed by CORS	OPTIONS	/auth	http://localhost:8080
20230308	06:22:23	cda868c5-d57b-40b2-afe8-d9936aa98b86	TypeError: Cannot read properties of undefined (reading 'UserInfo')	GET	/users/current-user	http://localhost:8080
20230308	06:26:17	de3838e0-e244-47fe-a071-650cbba2776f	Error: ENOENT: no such file or directory, stat 'C:\Users\ze-zl\projects\code\project\api\src\config\views\404.html'	GET	/socket.io/?EIO=4&transport=polling&t=OQ_2czc	http://localhost:8080
20230308	06:26:19	cbd76f84-5878-4bfb-b2aa-59114b3adea7	Error: ENOENT: no such file or directory, stat 'C:\Users\ze-zl\projects\code\project\api\src\config\views\404.html'	GET	/socket.io/?EIO=4&transport=polling&t=OQ_2dYw	http://localhost:8080
20230308	06:26:21	60ab41a5-eb5b-451d-a0cc-f8cb7b83b685	Error: ENOENT: no such file or directory, stat 'C:\Users\ze-zl\projects\code\project\api\src\config\views\404.html'	GET	/socket.io/?EIO=4&transport=polling&t=OQ_2e2J	http://localhost:8080
20230308	06:26:24	7cf3afb6-c0a6-473a-83cf-4bedc0e6c33f	Error: ENOENT: no such file or directory, stat 'C:\Users\ze-zl\projects\code\project\api\src\config\views\404.html'	GET	/socket.io/?EIO=4&transport=polling&t=OQ_2en4	http://localhost:8080
20230308	06:26:30	ea1363d6-7872-4e14-ba69-eb44d4170f43	Error: ENOENT: no such file or directory, stat 'C:\Users\ze-zl\projects\code\project\api\src\config\views\404.html'	GET	/socket.io/?EIO=4&transport=polling&t=OQ_2gEr	http://localhost:8080
20230308	06:26:36	4fed0ddf-94ed-4d8e-8991-695884ef7233	Error: ENOENT: no such file or directory, stat 'C:\Users\ze-zl\projects\code\project\api\src\config\views\404.html'	GET	/socket.io/?EIO=4&transport=polling&t=OQ_2hic	http://localhost:8080
20230308	06:26:42	03c13934-389a-4367-8b96-a47843e58a60	Error: ENOENT: no such file or directory, stat 'C:\Users\ze-zl\projects\code\project\api\src\config\views\404.html'	GET	/socket.io/?EIO=4&transport=polling&t=OQ_2jAH	http://localhost:8080
20230308	06:26:49	bbde6d96-31d6-48ad-a8bb-bf478c1728e4	Error: ENOENT: no such file or directory, stat 'C:\Users\ze-zl\projects\code\project\api\src\config\views\404.html'	GET	/socket.io/?EIO=4&transport=polling&t=OQ_2kfr	http://localhost:8080
20230308	06:26:50	9986fb23-220f-4ef8-bcad-02e562c5bcd7	Error: ENOENT: no such file or directory, stat 'C:\Users\ze-zl\projects\code\project\api\src\config\views\404.html'	GET	/socket.io/?EIO=4&transport=polling&t=OQ_2l7J	http://localhost:8080
20230308	06:26:52	ed4f2f3c-8886-4b0e-95d6-1eec9491d4c2	Error: ENOENT: no such file or directory, stat 'C:\Users\ze-zl\projects\code\project\api\src\config\views\404.html'	GET	/socket.io/?EIO=4&transport=polling&t=OQ_2lch	http://localhost:8080
20230308	06:26:58	8f03f5d3-aaa4-430f-bb45-d3b9e8fb810a	Error: ENOENT: no such file or directory, stat 'C:\Users\ze-zl\projects\code\project\api\src\config\views\404.html'	GET	/socket.io/?EIO=4&transport=polling&t=OQ_2mxf	http://localhost:8080
20230308	06:27:03	410505fc-873e-40f3-969f-58150b5e8243	Error: ENOENT: no such file or directory, stat 'C:\Users\ze-zl\projects\code\project\api\src\config\views\404.html'	GET	/socket.io/?EIO=4&transport=polling&t=OQ_2oIV	http://localhost:8080
20230308	06:27:09	d0beae69-633e-45ff-90c9-887d0b843c09	Error: ENOENT: no such file or directory, stat 'C:\Users\ze-zl\projects\code\project\api\src\config\views\404.html'	GET	/socket.io/?EIO=4&transport=polling&t=OQ_2pmB	http://localhost:8080
20230308	06:27:15	5887c6c3-ff21-409a-9cdf-83b4ffb6d713	Error: ENOENT: no such file or directory, stat 'C:\Users\ze-zl\projects\code\project\api\src\config\views\404.html'	GET	/socket.io/?EIO=4&transport=polling&t=OQ_2rD-	http://localhost:8080
20230308	06:27:21	9794d34f-77aa-4c8a-a29e-fe0b1ff1e835	Error: ENOENT: no such file or directory, stat 'C:\Users\ze-zl\projects\code\project\api\src\config\views\404.html'	GET	/socket.io/?EIO=4&transport=polling&t=OQ_2shm	http://localhost:8080
20230308	06:27:27	8db149e6-b13a-4dd8-95d8-f9fc9e621dc0	Error: ENOENT: no such file or directory, stat 'C:\Users\ze-zl\projects\code\project\api\src\config\views\404.html'	GET	/socket.io/?EIO=4&transport=polling&t=OQ_2u9X	http://localhost:8080
20230308	06:27:33	6a2ae063-1332-4844-be22-0300448aa946	Error: ENOENT: no such file or directory, stat 'C:\Users\ze-zl\projects\code\project\api\src\config\views\404.html'	GET	/socket.io/?EIO=4&transport=polling&t=OQ_2vdF	http://localhost:8080
20230308	06:27:39	9a9a456e-6c00-4b6c-b583-721b36f8fdd3	Error: ENOENT: no such file or directory, stat 'C:\Users\ze-zl\projects\code\project\api\src\config\views\404.html'	GET	/socket.io/?EIO=4&transport=polling&t=OQ_2x52	http://localhost:8080
20230308	06:27:45	e5fad383-b15f-4933-825a-f76338dd6fb0	Error: ENOENT: no such file or directory, stat 'C:\Users\ze-zl\projects\code\project\api\src\config\views\404.html'	GET	/socket.io/?EIO=4&transport=polling&t=OQ_2yYm	http://localhost:8080
20230308	06:27:51	b947907a-0270-4327-92a0-c94f8caba9b7	Error: ENOENT: no such file or directory, stat 'C:\Users\ze-zl\projects\code\project\api\src\config\views\404.html'	GET	/socket.io/?EIO=4&transport=polling&t=OQ_2-0U	http://localhost:8080
20230308	06:27:57	126b5880-b3c6-491e-bf21-5243b1aa58f2	Error: ENOENT: no such file or directory, stat 'C:\Users\ze-zl\projects\code\project\api\src\config\views\404.html'	GET	/socket.io/?EIO=4&transport=polling&t=OQ_2_UH	http://localhost:8080
20230308	06:28:03	ebdd9522-d776-4450-aa0c-59300e803bb1	Error: ENOENT: no such file or directory, stat 'C:\Users\ze-zl\projects\code\project\api\src\config\views\404.html'	GET	/socket.io/?EIO=4&transport=polling&t=OQ_30y7	http://localhost:8080
20230308	06:28:09	7f0f3682-9574-4d12-8924-b32ce59d58af	Error: ENOENT: no such file or directory, stat 'C:\Users\ze-zl\projects\code\project\api\src\config\views\404.html'	GET	/socket.io/?EIO=4&transport=polling&t=OQ_32Pt	http://localhost:8080
20230308	06:28:15	ae6d4c5f-b19f-4115-9720-a59d113c0946	Error: ENOENT: no such file or directory, stat 'C:\Users\ze-zl\projects\code\project\api\src\config\views\404.html'	GET	/socket.io/?EIO=4&transport=polling&t=OQ_33tS	http://localhost:8080
20230308	06:28:21	a88c1e17-8771-4d5e-960b-2a96d911983c	Error: ENOENT: no such file or directory, stat 'C:\Users\ze-zl\projects\code\project\api\src\config\views\404.html'	GET	/socket.io/?EIO=4&transport=polling&t=OQ_35LJ	http://localhost:8080
20230308	06:28:27	3908ee54-5847-44d8-b3a8-acb879c1cd14	Error: ENOENT: no such file or directory, stat 'C:\Users\ze-zl\projects\code\project\api\src\config\views\404.html'	GET	/socket.io/?EIO=4&transport=polling&t=OQ_36o-	http://localhost:8080
20230308	06:28:33	bb555a74-8d32-4a38-b72e-761f023b4830	Error: ENOENT: no such file or directory, stat 'C:\Users\ze-zl\projects\code\project\api\src\config\views\404.html'	GET	/socket.io/?EIO=4&transport=polling&t=OQ_38Gk	http://localhost:8080
20230308	06:28:39	e7a1593e-6e66-401a-81ad-56607e75e024	Error: ENOENT: no such file or directory, stat 'C:\Users\ze-zl\projects\code\project\api\src\config\views\404.html'	GET	/socket.io/?EIO=4&transport=polling&t=OQ_39ka	http://localhost:8080
20230308	06:28:45	40614b32-91e2-4d51-8c9b-0071e22faaa8	Error: ENOENT: no such file or directory, stat 'C:\Users\ze-zl\projects\code\project\api\src\config\views\404.html'	GET	/socket.io/?EIO=4&transport=polling&t=OQ_3BCF	http://localhost:8080
20230308	06:28:51	ee63a583-0866-4148-a30d-8119638a6bc6	Error: ENOENT: no such file or directory, stat 'C:\Users\ze-zl\projects\code\project\api\src\config\views\404.html'	GET	/socket.io/?EIO=4&transport=polling&t=OQ_3Cfy	http://localhost:8080
20230308	06:28:57	afdb604f-6325-459c-a31d-6e88cb9a04c5	Error: ENOENT: no such file or directory, stat 'C:\Users\ze-zl\projects\code\project\api\src\config\views\404.html'	GET	/socket.io/?EIO=4&transport=polling&t=OQ_3E7l	http://localhost:8080
20230308	06:29:03	60ac2943-6efb-4a07-b05d-def7610e9427	Error: ENOENT: no such file or directory, stat 'C:\Users\ze-zl\projects\code\project\api\src\config\views\404.html'	GET	/socket.io/?EIO=4&transport=polling&t=OQ_3FbT	http://localhost:8080
20230308	06:29:08	fada9812-4e7a-4438-980a-d9379cb54a2d	Error: ENOENT: no such file or directory, stat 'C:\Users\ze-zl\projects\code\project\api\src\config\views\404.html'	GET	/socket.io/?EIO=4&transport=polling&t=OQ_3Gpq	http://localhost:8080
20230308	06:29:14	d57d9e83-9533-420a-91e6-df959d6e9af9	Error: ENOENT: no such file or directory, stat 'C:\Users\ze-zl\projects\code\project\api\src\config\views\404.html'	GET	/socket.io/?EIO=4&transport=polling&t=OQ_3I2G	http://localhost:8080
20230308	06:29:19	e495a147-e4c8-4259-91cd-a6b5e0aa82b7	Error: ENOENT: no such file or directory, stat 'C:\Users\ze-zl\projects\code\project\api\src\config\views\404.html'	GET	/socket.io/?EIO=4&transport=polling&t=OQ_3JGg	http://localhost:8080
20230308	06:29:24	77eddf08-501a-4fcc-9396-2d391e0a05d5	Error: ENOENT: no such file or directory, stat 'C:\Users\ze-zl\projects\code\project\api\src\config\views\404.html'	GET	/socket.io/?EIO=4&transport=polling&t=OQ_3KV4	http://localhost:8080
20230308	06:29:29	9bc3a1e3-3ed1-4769-80fd-111f65030ef2	Error: ENOENT: no such file or directory, stat 'C:\Users\ze-zl\projects\code\project\api\src\config\views\404.html'	GET	/socket.io/?EIO=4&transport=polling&t=OQ_3LpO	http://localhost:8080
20230308	06:29:34	cc9a792f-4294-47da-9ffa-7437faa0e047	Error: ENOENT: no such file or directory, stat 'C:\Users\ze-zl\projects\code\project\api\src\config\views\404.html'	GET	/socket.io/?EIO=4&transport=polling&t=OQ_3N9_	http://localhost:8080
20230308	06:29:40	58e6958e-8b5f-4799-ab0a-400890e13971	Error: ENOENT: no such file or directory, stat 'C:\Users\ze-zl\projects\code\project\api\src\config\views\404.html'	GET	/socket.io/?EIO=4&transport=polling&t=OQ_3Odf	http://localhost:8080
20230308	06:29:45	bf357fe8-435e-442d-947f-4f2d83726b40	Error: ENOENT: no such file or directory, stat 'C:\Users\ze-zl\projects\code\project\api\src\config\views\404.html'	GET	/socket.io/?EIO=4&transport=polling&t=OQ_3Ps6	http://localhost:8080
20230308	06:29:51	fab68ad5-14e2-405b-9f0b-154a1a1d011d	Error: ENOENT: no such file or directory, stat 'C:\Users\ze-zl\projects\code\project\api\src\config\views\404.html'	GET	/socket.io/?EIO=4&transport=polling&t=OQ_3RJb	http://localhost:8080
20230308	06:29:57	31878cfd-0138-46bf-b67b-6cff2ea536b6	Error: ENOENT: no such file or directory, stat 'C:\Users\ze-zl\projects\code\project\api\src\config\views\404.html'	GET	/socket.io/?EIO=4&transport=polling&t=OQ_3SnE	http://localhost:8080
20230308	06:30:03	f93bd4a9-8883-4e98-90b4-2ddd41a6f206	Error: ENOENT: no such file or directory, stat 'C:\Users\ze-zl\projects\code\project\api\src\config\views\404.html'	GET	/socket.io/?EIO=4&transport=polling&t=OQ_3T_k	http://localhost:8080
20230308	06:30:08	8877b301-12a8-48d2-9938-7661dbe0ee53	Error: ENOENT: no such file or directory, stat 'C:\Users\ze-zl\projects\code\project\api\src\config\views\404.html'	GET	/socket.io/?EIO=4&transport=polling&t=OQ_3VT4	http://localhost:8080
20230308	06:30:14	23e95e7b-79b7-4128-bbee-d77d0079bb2d	Error: ENOENT: no such file or directory, stat 'C:\Users\ze-zl\projects\code\project\api\src\config\views\404.html'	GET	/socket.io/?EIO=4&transport=polling&t=OQ_3Wju	http://localhost:8080
20230308	06:30:19	6c018412-93be-49ff-91a3-0af99f45c9ad	Error: ENOENT: no such file or directory, stat 'C:\Users\ze-zl\projects\code\project\api\src\config\views\404.html'	GET	/socket.io/?EIO=4&transport=polling&t=OQ_3Y92	http://localhost:8080
20230308	06:30:25	35f141d4-d155-4cb5-b5bd-36e993959dc5	Error: ENOENT: no such file or directory, stat 'C:\Users\ze-zl\projects\code\project\api\src\config\views\404.html'	GET	/socket.io/?EIO=4&transport=polling&t=OQ_3Zcj	http://localhost:8080
20230308	06:30:31	b272b128-ff69-4917-9feb-369a3e6719ec	Error: ENOENT: no such file or directory, stat 'C:\Users\ze-zl\projects\code\project\api\src\config\views\404.html'	GET	/socket.io/?EIO=4&transport=polling&t=OQ_3b4W	http://localhost:8080
20230308	06:30:36	b9ab55f6-575a-49ed-83b7-43946b6118cf	Error: ENOENT: no such file or directory, stat 'C:\Users\ze-zl\projects\code\project\api\src\config\views\404.html'	GET	/socket.io/?EIO=4&transport=polling&t=OQ_3cIt	http://localhost:8080
20230308	06:30:38	2a2e32f6-f0f1-4f39-a346-9360c44cce0c	Error: ENOENT: no such file or directory, stat 'C:\Users\ze-zl\projects\code\project\api\src\config\views\404.html'	GET	/socket.io/?EIO=4&transport=polling&t=OQ_3ci3	http://localhost:8080
20230308	06:30:39	55e1ae3a-aa4d-40b3-9ea7-38ab974c6f17	Error: ENOENT: no such file or directory, stat 'C:\Users\ze-zl\projects\code\project\api\src\config\views\404.html'	GET	/socket.io/?EIO=4&transport=polling&t=OQ_3d0K	http://localhost:8080
20230308	06:30:42	97922281-297b-421c-8f3d-a6481fedd4ea	Error: ENOENT: no such file or directory, stat 'C:\Users\ze-zl\projects\code\project\api\src\config\views\404.html'	GET	/socket.io/?EIO=4&transport=polling&t=OQ_3dex	http://localhost:8080
20230308	06:30:46	fbf645c6-9dfa-4aa1-b2a7-528efd4b5510	Error: ENOENT: no such file or directory, stat 'C:\Users\ze-zl\projects\code\project\api\src\config\views\404.html'	GET	/socket.io/?EIO=4&transport=polling&t=OQ_3ekw	http://localhost:8080
20230308	06:30:52	33d3255e-c8b9-4219-9a91-d0c8dd8c667b	Error: ENOENT: no such file or directory, stat 'C:\Users\ze-zl\projects\code\project\api\src\config\views\404.html'	GET	/socket.io/?EIO=4&transport=polling&t=OQ_3fzK	http://localhost:8080
20230308	06:30:57	2a6db875-9dbe-4314-bae0-4da344a6b64c	Error: ENOENT: no such file or directory, stat 'C:\Users\ze-zl\projects\code\project\api\src\config\views\404.html'	GET	/socket.io/?EIO=4&transport=polling&t=OQ_3hQs	http://localhost:8080
20230308	06:31:03	8730749d-80d8-4e53-9835-abfc6eb31ed6	Error: ENOENT: no such file or directory, stat 'C:\Users\ze-zl\projects\code\project\api\src\config\views\404.html'	GET	/socket.io/?EIO=4&transport=polling&t=OQ_3iuU	http://localhost:8080
20230308	06:31:09	d32ab1ce-ad35-41d7-ad4f-aebfef1480ba	Error: ENOENT: no such file or directory, stat 'C:\Users\ze-zl\projects\code\project\api\src\config\views\404.html'	GET	/socket.io/?EIO=4&transport=polling&t=OQ_3kMD	http://localhost:8080
20230308	06:31:15	0e067b5c-feb3-46ff-9490-878232cad653	Error: ENOENT: no such file or directory, stat 'C:\Users\ze-zl\projects\code\project\api\src\config\views\404.html'	GET	/socket.io/?EIO=4&transport=polling&t=OQ_3lq2	http://localhost:8080
20230308	06:31:21	32d8f852-0ee9-48e2-8828-01a039f8feb6	Error: ENOENT: no such file or directory, stat 'C:\Users\ze-zl\projects\code\project\api\src\config\views\404.html'	GET	/socket.io/?EIO=4&transport=polling&t=OQ_3n5e	http://localhost:8080
20230308	06:31:22	f4196c62-5617-4940-a7b9-c8e1acf8bd07	Error: ENOENT: no such file or directory, stat 'C:\Users\ze-zl\projects\code\project\api\src\config\views\404.html'	GET	/socket.io/?EIO=4&transport=polling&t=OQ_3nQy	http://localhost:8080
20230308	06:31:24	f8d74c5e-e921-4d1a-a3a3-e8ee5b55c182	Error: ENOENT: no such file or directory, stat 'C:\Users\ze-zl\projects\code\project\api\src\config\views\404.html'	GET	/socket.io/?EIO=4&transport=polling&t=OQ_3nzB	http://localhost:8080
20230308	06:31:27	13631c4d-e2d4-4c2b-a6cc-5e85ff6af7bf	Error: ENOENT: no such file or directory, stat 'C:\Users\ze-zl\projects\code\project\api\src\config\views\404.html'	GET	/socket.io/?EIO=4&transport=polling&t=OQ_3oZc	http://localhost:8080
20230308	06:31:31	54d53ec1-8dfc-436a-a2f1-02a70c8e0cd0	Error: ENOENT: no such file or directory, stat 'C:\Users\ze-zl\projects\code\project\api\src\config\views\404.html'	GET	/socket.io/?EIO=4&transport=polling&t=OQ_3pWH	http://localhost:8080
20230308	06:31:35	56169303-6d0a-46ce-b3aa-65147e047ac4	Error: ENOENT: no such file or directory, stat 'C:\Users\ze-zl\projects\code\project\api\src\config\views\404.html'	GET	/socket.io/?EIO=4&transport=polling&t=OQ_3qgn	http://localhost:8080
20230308	06:31:37	caa67c35-99e3-4a2a-9a4f-ac415a989291	Error: ENOENT: no such file or directory, stat 'C:\Users\ze-zl\projects\code\project\api\src\config\views\404.html'	GET	/socket.io/?EIO=4&transport=polling&t=OQ_3q-N	http://localhost:8080
20230308	06:31:38	746c5719-2016-4558-a546-0eafeab8849d	Error: ENOENT: no such file or directory, stat 'C:\Users\ze-zl\projects\code\project\api\src\config\views\404.html'	GET	/socket.io/?EIO=4&transport=polling&t=OQ_3rNB	http://localhost:8080
20230308	06:31:43	8efef35c-4353-4355-8dd1-77980c84a116	Error: ENOENT: no such file or directory, stat 'C:\Users\ze-zl\projects\code\project\api\src\config\views\404.html'	GET	/socket.io/?EIO=4&transport=polling&t=OQ_3sfW	http://localhost:8080
20230308	06:31:49	16d8af8e-f479-433e-9bd5-169f38f9c07e	Error: ENOENT: no such file or directory, stat 'C:\Users\ze-zl\projects\code\project\api\src\config\views\404.html'	GET	/socket.io/?EIO=4&transport=polling&t=OQ_3u7B	http://localhost:8080
20230308	06:31:55	7773e6aa-3744-4d5f-a5a5-388a1366a818	Error: ENOENT: no such file or directory, stat 'C:\Users\ze-zl\projects\code\project\api\src\config\views\404.html'	GET	/socket.io/?EIO=4&transport=polling&t=OQ_3vay	http://localhost:8080
20230308	06:32:01	3c6a3f45-a171-447f-a748-78d69525af57	Error: ENOENT: no such file or directory, stat 'C:\Users\ze-zl\projects\code\project\api\src\config\views\404.html'	GET	/socket.io/?EIO=4&transport=polling&t=OQ_3x2j	http://localhost:8080
20230308	06:32:07	9a7e14ab-03dd-43a5-9c5a-b7ea5f703f88	Error: ENOENT: no such file or directory, stat 'C:\Users\ze-zl\projects\code\project\api\src\config\views\404.html'	GET	/socket.io/?EIO=4&transport=polling&t=OQ_3yWV	http://localhost:8080
20230308	06:32:13	4d19f094-3d35-4f1f-b793-1208f163aebe	Error: ENOENT: no such file or directory, stat 'C:\Users\ze-zl\projects\code\project\api\src\config\views\404.html'	GET	/socket.io/?EIO=4&transport=polling&t=OQ_3z-E	http://localhost:8080
20230308	06:32:19	84cb7a8c-fb03-4176-b22c-92d65d940f0e	Error: ENOENT: no such file or directory, stat 'C:\Users\ze-zl\projects\code\project\api\src\config\views\404.html'	GET	/socket.io/?EIO=4&transport=polling&t=OQ_3_Rx	http://localhost:8080
20230308	06:32:25	63ababe1-85ab-47bf-b9cf-706af1ad1456	Error: ENOENT: no such file or directory, stat 'C:\Users\ze-zl\projects\code\project\api\src\config\views\404.html'	GET	/socket.io/?EIO=4&transport=polling&t=OQ_40hU	http://localhost:8080
20230308	06:32:30	b6b16048-84f3-4626-9de6-09748b43cc42	Error: ENOENT: no such file or directory, stat 'C:\Users\ze-zl\projects\code\project\api\src\config\views\404.html'	GET	/socket.io/?EIO=4&transport=polling&t=OQ_41wd	http://localhost:8080
20230308	06:32:35	2bce9638-8967-462c-97fc-38f99a3389af	Error: ENOENT: no such file or directory, stat 'C:\Users\ze-zl\projects\code\project\api\src\config\views\404.html'	GET	/socket.io/?EIO=4&transport=polling&t=OQ_438x	http://localhost:8080
20230308	06:32:40	f640dbee-5b52-4c3b-bd1c-795f0d7e4184	Error: ENOENT: no such file or directory, stat 'C:\Users\ze-zl\projects\code\project\api\src\config\views\404.html'	GET	/socket.io/?EIO=4&transport=polling&t=OQ_44NQ	http://localhost:8080
20230308	06:32:45	4c4f273d-0d16-4a9a-ad7f-a8fc87ba17aa	Error: ENOENT: no such file or directory, stat 'C:\Users\ze-zl\projects\code\project\api\src\config\views\404.html'	GET	/socket.io/?EIO=4&transport=polling&t=OQ_45oF	http://localhost:8080
20230308	06:32:51	79221119-a65a-4793-8c27-addc5b0e560b	Error: ENOENT: no such file or directory, stat 'C:\Users\ze-zl\projects\code\project\api\src\config\views\404.html'	GET	/socket.io/?EIO=4&transport=polling&t=OQ_47Fz	http://localhost:8080
20230308	06:32:57	f0fe2bd6-0c92-4dc5-8383-658621f5426b	Error: ENOENT: no such file or directory, stat 'C:\Users\ze-zl\projects\code\project\api\src\config\views\404.html'	GET	/socket.io/?EIO=4&transport=polling&t=OQ_48ji	http://localhost:8080
20230308	06:33:03	42760aad-ac60-4dbd-9008-615d5ffdd352	Error: ENOENT: no such file or directory, stat 'C:\Users\ze-zl\projects\code\project\api\src\config\views\404.html'	GET	/socket.io/?EIO=4&transport=polling&t=OQ_4ABU	http://localhost:8080
20230308	06:33:09	65a06a34-e051-4fc4-b320-147b4b29a4a5	Error: ENOENT: no such file or directory, stat 'C:\Users\ze-zl\projects\code\project\api\src\config\views\404.html'	GET	/socket.io/?EIO=4&transport=polling&t=OQ_4BfL	http://localhost:8080
20230308	06:33:15	24385ecf-1847-49a8-91c8-5d5f6d37554d	Error: ENOENT: no such file or directory, stat 'C:\Users\ze-zl\projects\code\project\api\src\config\views\404.html'	GET	/socket.io/?EIO=4&transport=polling&t=OQ_4D74	http://localhost:8080
20230308	06:33:21	5fe3705b-7a18-4646-af09-3a9fbc3a6aa6	Error: ENOENT: no such file or directory, stat 'C:\Users\ze-zl\projects\code\project\api\src\config\views\404.html'	GET	/socket.io/?EIO=4&transport=polling&t=OQ_4Eai	http://localhost:8080
20230308	06:33:27	e3dccff4-f1c5-4723-a423-4059a47fbccd	Error: ENOENT: no such file or directory, stat 'C:\Users\ze-zl\projects\code\project\api\src\config\views\404.html'	GET	/socket.io/?EIO=4&transport=polling&t=OQ_4Frj	http://localhost:8080
20230308	06:33:28	06aeff5a-f38a-4cd1-a0f9-fd27c785cb3e	Error: ENOENT: no such file or directory, stat 'C:\Users\ze-zl\projects\code\project\api\src\config\views\404.html'	GET	/socket.io/?EIO=4&transport=polling&t=OQ_4GIO	http://localhost:8080
20230308	06:33:30	52782a23-92a6-4bfa-a875-4219e88ffa4c	Error: ENOENT: no such file or directory, stat 'C:\Users\ze-zl\projects\code\project\api\src\config\views\404.html'	GET	/socket.io/?EIO=4&transport=polling&t=OQ_4Gja	http://localhost:8080
20230308	06:33:32	d56cd05e-feec-48a0-97b2-a479272b53c4	Error: ENOENT: no such file or directory, stat 'C:\Users\ze-zl\projects\code\project\api\src\config\views\404.html'	GET	/socket.io/?EIO=4&transport=polling&t=OQ_4HGj	http://localhost:8080
20230308	06:33:36	24968e90-b6ce-4721-902d-32070f33c1fd	Error: ENOENT: no such file or directory, stat 'C:\Users\ze-zl\projects\code\project\api\src\config\views\404.html'	GET	/socket.io/?EIO=4&transport=polling&t=OQ_4I1D	http://localhost:8080
20230308	06:33:41	df948517-30b1-4190-b66e-8c4d271bfa9a	Error: ENOENT: no such file or directory, stat 'C:\Users\ze-zl\projects\code\project\api\src\config\views\404.html'	GET	/socket.io/?EIO=4&transport=polling&t=OQ_4JTJ	http://localhost:8080
20230308	06:33:47	25c06ff7-b8b9-461e-9325-6effbecb0b2e	Error: ENOENT: no such file or directory, stat 'C:\Users\ze-zl\projects\code\project\api\src\config\views\404.html'	GET	/socket.io/?EIO=4&transport=polling&t=OQ_4Kw_	http://localhost:8080
20230308	06:33:53	b46168b3-f0bf-4ae9-ab38-7b744d72a689	Error: ENOENT: no such file or directory, stat 'C:\Users\ze-zl\projects\code\project\api\src\config\views\404.html'	GET	/socket.io/?EIO=4&transport=polling&t=OQ_4MOm	http://localhost:8080
20230308	06:33:59	66761eab-1f53-4557-9d8b-b58164138d87	Error: ENOENT: no such file or directory, stat 'C:\Users\ze-zl\projects\code\project\api\src\config\views\404.html'	GET	/socket.io/?EIO=4&transport=polling&t=OQ_4NsQ	http://localhost:8080
20230308	06:34:05	72b5a6c3-4efb-439f-a52c-4128c16822b1	Error: ENOENT: no such file or directory, stat 'C:\Users\ze-zl\projects\code\project\api\src\config\views\404.html'	GET	/socket.io/?EIO=4&transport=polling&t=OQ_4PKK	http://localhost:8080
20230308	06:34:11	06ad89e4-039f-42c3-93cb-b21d498f30ff	Error: ENOENT: no such file or directory, stat 'C:\Users\ze-zl\projects\code\project\api\src\config\views\404.html'	GET	/socket.io/?EIO=4&transport=polling&t=OQ_4QoB	http://localhost:8080
20230308	06:34:17	50455bfd-4cf9-4c2b-919e-59c9d4bb13cd	Error: ENOENT: no such file or directory, stat 'C:\Users\ze-zl\projects\code\project\api\src\config\views\404.html'	GET	/socket.io/?EIO=4&transport=polling&t=OQ_4SFn	http://localhost:8080
20230308	06:34:23	31a4863a-4fa4-4684-87a4-97de96422dd2	Error: ENOENT: no such file or directory, stat 'C:\Users\ze-zl\projects\code\project\api\src\config\views\404.html'	GET	/socket.io/?EIO=4&transport=polling&t=OQ_4Tjb	http://localhost:8080
20230308	06:34:29	2be03606-f8d8-438b-8737-d9663db0ba76	Error: ENOENT: no such file or directory, stat 'C:\Users\ze-zl\projects\code\project\api\src\config\views\404.html'	GET	/socket.io/?EIO=4&transport=polling&t=OQ_4VBF	http://localhost:8080
20230308	06:34:35	b2e654e1-e2bc-481c-b661-56bef45b3ffb	Error: ENOENT: no such file or directory, stat 'C:\Users\ze-zl\projects\code\project\api\src\config\views\404.html'	GET	/socket.io/?EIO=4&transport=polling&t=OQ_4Wf0	http://localhost:8080
20230308	06:34:41	44db04e8-1368-4f34-ae95-df70cdd84e60	Error: ENOENT: no such file or directory, stat 'C:\Users\ze-zl\projects\code\project\api\src\config\views\404.html'	GET	/socket.io/?EIO=4&transport=polling&t=OQ_4Y6i	http://localhost:8080
20230308	06:34:47	600d6991-463b-4c92-9941-ee0f46b24378	Error: ENOENT: no such file or directory, stat 'C:\Users\ze-zl\projects\code\project\api\src\config\views\404.html'	GET	/socket.io/?EIO=4&transport=polling&t=OQ_4ZOu	http://localhost:8080
20230308	06:34:47	57097196-98d0-4aa4-ac95-476f416c4dce	Error: ENOENT: no such file or directory, stat 'C:\Users\ze-zl\projects\code\project\api\src\config\views\404.html'	GET	/socket.io/?EIO=4&transport=polling&t=OQ_4ZVV	http://localhost:8080
20230308	06:34:49	da2d3984-bc1b-4487-a832-bedc58c2964a	Error: ENOENT: no such file or directory, stat 'C:\Users\ze-zl\projects\code\project\api\src\config\views\404.html'	GET	/socket.io/?EIO=4&transport=polling&t=OQ_4a3x	http://localhost:8080
20230308	06:34:49	d8df0272-06bd-470d-9234-8cf710371b05	Error: ENOENT: no such file or directory, stat 'C:\Users\ze-zl\projects\code\project\api\src\config\views\404.html'	GET	/socket.io/?EIO=4&transport=polling&t=OQ_4a3y	http://localhost:8080
20230308	06:34:51	a0954020-3455-45e1-95b0-f20c78b4b284	Error: ENOENT: no such file or directory, stat 'C:\Users\ze-zl\projects\code\project\api\src\config\views\404.html'	GET	/socket.io/?EIO=4&transport=polling&t=OQ_4aY_	http://localhost:8080
20230308	06:34:52	5ebc5901-0df0-44ac-8ac5-79bd9810f051	Error: ENOENT: no such file or directory, stat 'C:\Users\ze-zl\projects\code\project\api\src\config\views\404.html'	GET	/socket.io/?EIO=4&transport=polling&t=OQ_4aoc	http://localhost:8080
20230308	06:34:55	6ceb4d70-5a31-4fa7-b62c-0d7a9df133f0	Error: ENOENT: no such file or directory, stat 'C:\Users\ze-zl\projects\code\project\api\src\config\views\404.html'	GET	/socket.io/?EIO=4&transport=polling&t=OQ_4bXQ	http://localhost:8080
20230308	06:34:56	4486b2f7-2c1e-48f9-bf38-20d9619f49cb	Error: ENOENT: no such file or directory, stat 'C:\Users\ze-zl\projects\code\project\api\src\config\views\404.html'	GET	/socket.io/?EIO=4&transport=polling&t=OQ_4bnO	http://localhost:8080
20230308	06:35:00	f1588a0f-fb76-4f01-988e-f6ce4ca1e3ae	Error: ENOENT: no such file or directory, stat 'C:\Users\ze-zl\projects\code\project\api\src\config\views\404.html'	GET	/socket.io/?EIO=4&transport=polling&t=OQ_4clm	http://localhost:8080
20230308	06:35:02	90db3f0b-47a1-4bee-8934-84efddaecaa8	Error: ENOENT: no such file or directory, stat 'C:\Users\ze-zl\projects\code\project\api\src\config\views\404.html'	GET	/socket.io/?EIO=4&transport=polling&t=OQ_4dEo	http://localhost:8080
20230308	06:35:06	fcbaa1a6-425c-46b3-bb9c-8563b53ec809	Error: ENOENT: no such file or directory, stat 'C:\Users\ze-zl\projects\code\project\api\src\config\views\404.html'	GET	/socket.io/?EIO=4&transport=polling&t=OQ_4d-B	http://localhost:8080
20230308	06:35:07	fe237571-0465-4c17-85ac-a671cecb70e0	Error: ENOENT: no such file or directory, stat 'C:\Users\ze-zl\projects\code\project\api\src\config\views\404.html'	GET	/socket.io/?EIO=4&transport=polling&t=OQ_4eQL	http://localhost:8080
20230308	06:35:08	e9427ac3-11df-4dff-8e42-944889ed8959	Error: ENOENT: no such file or directory, stat 'C:\Users\ze-zl\projects\code\project\api\src\config\views\404.html'	GET	/socket.io/?EIO=4&transport=polling&t=OQ_4eU4	http://localhost:8080
20230308	06:35:09	41e549bd-ff8a-41d2-8fd3-c3d3f8e07cde	Error: ENOENT: no such file or directory, stat 'C:\Users\ze-zl\projects\code\project\api\src\config\views\404.html'	GET	/socket.io/?EIO=4&transport=polling&t=OQ_4ekc	http://localhost:8080
20230308	06:35:09	b93ef487-49b7-4d45-a831-7502dcfc6106	Error: ENOENT: no such file or directory, stat 'C:\Users\ze-zl\projects\code\project\api\src\config\views\404.html'	GET	/socket.io/?EIO=4&transport=polling&t=OQ_4eqy	http://localhost:8080
20230308	06:35:10	4f887436-ff0b-4df4-a2eb-4b6f65e75c2d	Error: ENOENT: no such file or directory, stat 'C:\Users\ze-zl\projects\code\project\api\src\config\views\404.html'	GET	/socket.io/?EIO=4&transport=polling&t=OQ_4fBw	http://localhost:8080
20230308	06:35:11	b8982400-7965-47a3-8224-bd148756e960	Error: ENOENT: no such file or directory, stat 'C:\Users\ze-zl\projects\code\project\api\src\config\views\404.html'	GET	/socket.io/?EIO=4&transport=polling&t=OQ_4fRT	http://localhost:8080
20230308	06:35:15	e01d8a89-f1b0-4b77-828d-8e284d28fc37	Error: ENOENT: no such file or directory, stat 'C:\Users\ze-zl\projects\code\project\api\src\config\views\404.html'	GET	/socket.io/?EIO=4&transport=polling&t=OQ_4gFL	http://localhost:8080
20230308	06:35:15	99f1f8cd-0e8d-4b3b-aa62-fe78361fe738	Error: ENOENT: no such file or directory, stat 'C:\Users\ze-zl\projects\code\project\api\src\config\views\404.html'	GET	/socket.io/?EIO=4&transport=polling&t=OQ_4gJl	http://localhost:8080
20230308	06:35:20	7feb4418-854c-4426-9fd5-d4d01a2c1762	Error: ENOENT: no such file or directory, stat 'C:\Users\ze-zl\projects\code\project\api\src\config\views\404.html'	GET	/socket.io/?EIO=4&transport=polling&t=OQ_4he5	http://localhost:8080
20230308	06:35:20	e1001fcd-ea33-4704-a621-210c377d9ebe	Error: ENOENT: no such file or directory, stat 'C:\Users\ze-zl\projects\code\project\api\src\config\views\404.html'	GET	/socket.io/?EIO=4&transport=polling&t=OQ_4he7	http://localhost:8080
20230308	06:35:26	716baf8a-3e66-4ff9-9b19-252edabf240f	Error: ENOENT: no such file or directory, stat 'C:\Users\ze-zl\projects\code\project\api\src\config\views\404.html'	GET	/socket.io/?EIO=4&transport=polling&t=OQ_4j5q	http://localhost:8080
20230308	06:35:26	c1bae741-3ca7-48ec-a95c-e5d3cdd0bcdb	Error: ENOENT: no such file or directory, stat 'C:\Users\ze-zl\projects\code\project\api\src\config\views\404.html'	GET	/socket.io/?EIO=4&transport=polling&t=OQ_4j5r	http://localhost:8080
20230308	06:35:32	53975cb0-b4e2-46bb-88c9-28d2ea6ae1de	Error: ENOENT: no such file or directory, stat 'C:\Users\ze-zl\projects\code\project\api\src\config\views\404.html'	GET	/socket.io/?EIO=4&transport=polling&t=OQ_4kZm	http://localhost:8080
20230308	06:35:32	58b681c4-192f-44bd-a572-1b134fa3240d	Error: ENOENT: no such file or directory, stat 'C:\Users\ze-zl\projects\code\project\api\src\config\views\404.html'	GET	/socket.io/?EIO=4&transport=polling&t=OQ_4kZo	http://localhost:8080
20230308	06:35:38	8ee09fb0-60c5-4aac-a247-5adb0c46b137	Error: ENOENT: no such file or directory, stat 'C:\Users\ze-zl\projects\code\project\api\src\config\views\404.html'	GET	/socket.io/?EIO=4&transport=polling&t=OQ_4m1W	http://localhost:8080
20230308	06:35:38	ae7e5b8c-b0c1-4733-b9ec-a0ac541f2d3a	Error: ENOENT: no such file or directory, stat 'C:\Users\ze-zl\projects\code\project\api\src\config\views\404.html'	GET	/socket.io/?EIO=4&transport=polling&t=OQ_4m1Y	http://localhost:8080
20230308	06:35:44	a1fbc239-2ba5-419d-b73b-c167ab582a3d	Error: ENOENT: no such file or directory, stat 'C:\Users\ze-zl\projects\code\project\api\src\config\views\404.html'	GET	/socket.io/?EIO=4&transport=polling&t=OQ_4nV9.0	http://localhost:8080
20230308	06:35:44	29dfde89-65de-4925-a111-073411263618	Error: ENOENT: no such file or directory, stat 'C:\Users\ze-zl\projects\code\project\api\src\config\views\404.html'	GET	/socket.io/?EIO=4&transport=polling&t=OQ_4nV9	http://localhost:8080
20230308	06:35:50	c98e2fe7-49aa-4a22-9012-106b187ff6a2	Error: ENOENT: no such file or directory, stat 'C:\Users\ze-zl\projects\code\project\api\src\config\views\404.html'	GET	/socket.io/?EIO=4&transport=polling&t=OQ_4oyr	http://localhost:8080
20230308	06:35:50	569ceb02-30da-49c7-afee-d446e7662bef	Error: ENOENT: no such file or directory, stat 'C:\Users\ze-zl\projects\code\project\api\src\config\views\404.html'	GET	/socket.io/?EIO=4&transport=polling&t=OQ_4oyt	http://localhost:8080
20230308	06:35:56	6bc21012-906c-4eda-b973-612861106765	Error: ENOENT: no such file or directory, stat 'C:\Users\ze-zl\projects\code\project\api\src\config\views\404.html'	GET	/socket.io/?EIO=4&transport=polling&t=OQ_4qQa	http://localhost:8080
20230308	06:35:56	4fc9cc2d-3843-437b-9b5e-f25854440202	Error: ENOENT: no such file or directory, stat 'C:\Users\ze-zl\projects\code\project\api\src\config\views\404.html'	GET	/socket.io/?EIO=4&transport=polling&t=OQ_4qQc	http://localhost:8080
20230308	06:36:02	ac75400b-f9b5-4f6c-ae13-e05967c4b83a	Error: ENOENT: no such file or directory, stat 'C:\Users\ze-zl\projects\code\project\api\src\config\views\404.html'	GET	/socket.io/?EIO=4&transport=polling&t=OQ_4ruK	http://localhost:8080
20230308	06:36:02	c6b8049c-89ff-4a27-b393-25228ea05daf	Error: ENOENT: no such file or directory, stat 'C:\Users\ze-zl\projects\code\project\api\src\config\views\404.html'	GET	/socket.io/?EIO=4&transport=polling&t=OQ_4ruM	http://localhost:8080
20230308	06:36:08	e05d4252-181a-418c-b20c-c147e1a06a8b	Error: ENOENT: no such file or directory, stat 'C:\Users\ze-zl\projects\code\project\api\src\config\views\404.html'	GET	/socket.io/?EIO=4&transport=polling&t=OQ_4tM3	http://localhost:8080
20230308	06:36:08	eaca6cdc-45d8-440f-91c1-8ea2bb2bb334	Error: ENOENT: no such file or directory, stat 'C:\Users\ze-zl\projects\code\project\api\src\config\views\404.html'	GET	/socket.io/?EIO=4&transport=polling&t=OQ_4tM2	http://localhost:8080
20230308	06:36:14	0feee258-4c70-410f-bde6-d3f7188ea780	Error: ENOENT: no such file or directory, stat 'C:\Users\ze-zl\projects\code\project\api\src\config\views\404.html'	GET	/socket.io/?EIO=4&transport=polling&t=OQ_4umn	http://localhost:8080
20230308	06:36:14	24dd4583-def8-42e5-9691-246de823d9d9	Error: ENOENT: no such file or directory, stat 'C:\Users\ze-zl\projects\code\project\api\src\config\views\404.html'	GET	/socket.io/?EIO=4&transport=polling&t=OQ_4umr	http://localhost:8080
20230308	06:36:17	bfed6202-ea83-44bf-8010-34ded9b793e8	Error: ENOENT: no such file or directory, stat 'C:\Users\ze-zl\projects\code\project\api\src\config\views\404.html'	GET	/socket.io/?EIO=4&transport=polling&t=OQ_4vVE	http://localhost:8080
20230308	06:36:18	d4bb9df2-96e6-4e45-b0ff-f71e8c6f904c	Error: ENOENT: no such file or directory, stat 'C:\Users\ze-zl\projects\code\project\api\src\config\views\404.html'	GET	/socket.io/?EIO=4&transport=polling&t=OQ_4vZq	http://localhost:8080
20230308	06:36:18	9a6009c4-b9fc-400f-858b-9591f7764a86	Error: ENOENT: no such file or directory, stat 'C:\Users\ze-zl\projects\code\project\api\src\config\views\404.html'	GET	/socket.io/?EIO=4&transport=polling&t=OQ_4voO	http://localhost:8080
20230308	06:36:19	e0dc9966-e564-4eb7-8e9a-817b87dc803a	Error: ENOENT: no such file or directory, stat 'C:\Users\ze-zl\projects\code\project\api\src\config\views\404.html'	GET	/socket.io/?EIO=4&transport=polling&t=OQ_4w20	http://localhost:8080
20230308	06:36:20	db1b4dd1-cfad-4df2-be2d-c32efe1fb48e	Error: ENOENT: no such file or directory, stat 'C:\Users\ze-zl\projects\code\project\api\src\config\views\404.html'	GET	/socket.io/?EIO=4&transport=polling&t=OQ_4wHj	http://localhost:8080
20230308	06:36:21	7f8720f8-43e7-4579-824f-c1f9548aaccd	Error: ENOENT: no such file or directory, stat 'C:\Users\ze-zl\projects\code\project\api\src\config\views\404.html'	GET	/socket.io/?EIO=4&transport=polling&t=OQ_4wXF	http://localhost:8080
