20230129	17:57:59	ce642515-cd81-4851-a177-b941934e6f2c	POST: /document/store/63c0475e6a93db6081db3b93	undefined
20230129	19:07:17	1ca0c670-0caa-4a75-a3d6-a6799fff2109	POST: /document/store/63c0475e6a93db6081db3b93	undefined
20230129	19:07:32	1ad271ce-090e-40e2-9573-cf0046441743	POST: /users/update-profile	undefined
20230129	19:08:39	70e7bb34-caa2-42b4-98f4-f4072e89f371	POST: /users/update-profile	undefined
20230129	20:09:29	343f20bb-7ac4-47a9-9929-6cd7f6b0f58b	POST: /users/update-profile	undefined
20230129	20:10:57	7c2d73b9-eb52-4595-9717-2a49237b9c65	POST: /users/update-profile	undefined
20230129	20:11:05	a1d72513-120c-414c-8423-280584444357	POST: /users/update-profile	undefined
20230129	20:12:33	91d92b9a-12a8-4c68-9c34-03138886cac5	POST: /users/update-profile	undefined
20230129	20:15:51	874f9857-1963-4000-ac1c-ac1f508574e1	POST: /users/update-profile	undefined
20230129	20:18:59	bec2b936-eee4-4ac8-ae28-952e9d459e4a	POST: /users/update-profile	undefined
20230129	20:21:22	3f91a1ca-0506-4791-8732-6f219680293a	POST: /users/update-profile	undefined
20230129	20:24:34	def0b65e-0433-4042-aef5-5b02a543068b	POST: /users/update-profile	undefined
20230129	20:25:15	4db3de2e-767b-4d56-9d2c-2649f70d9a67	POST: /users/update-profile	undefined
20230129	20:26:19	aeab6c3e-02b4-4dad-b325-1b237afec47d	POST: /users/update-profile	undefined
20230129	20:27:05	e631f059-0fc2-4ef2-8cff-6e33de5ebe6b	GET: /users/current-user	undefined
20230129	20:27:05	eecb690f-9a36-40a4-a2f6-bc3846a71262	GET: /users/63c0475e6a93db6081db3b93	undefined
20230129	20:27:23	dfc0bc58-dde4-4a26-bcb2-06dff132038a	OPTIONS: /users/update-profile	http://localhost:3000
20230129	20:27:23	3d3dfda1-8b92-4ff4-9b1a-8c1fe113fb99	PUT: /users/update-profile	http://localhost:3000
20230129	20:27:35	0d8b33fe-54ec-4d8b-b260-e1566056f4f8	GET: /users/current-user	undefined
20230129	20:27:35	db59a39b-b10b-4d76-99ff-f9501991e49f	GET: /users/63c0475e6a93db6081db3b93	undefined
20230129	22:57:10	bf308054-e3ab-4be2-a0d6-f8eb028a403b	GET: /users/current-user	undefined
20230129	22:57:10	fe31b662-e461-4ffb-b7f0-e5c166d54351	GET: /users/63c0475e6a93db6081db3b93	undefined
20230129	22:57:33	59be0b22-b739-427b-b514-74e5094217c5	GET: /users/current-user	undefined
20230129	22:57:33	ba2ff389-50b8-4976-adb9-c252d12498f3	GET: /users/63c0475e6a93db6081db3b93	undefined
20230129	22:57:41	424c5320-b6cf-4a5e-9f42-04a5b0fe941c	OPTIONS: /users/update-profile	http://localhost:3000
20230129	22:57:41	fee99706-84cb-4569-8ea1-cce8cb1ce055	PUT: /users/update-profile	http://localhost:3000
20230129	22:57:46	dd478539-92bd-488c-8c39-e485f7919146	GET: /users/current-user	undefined
20230129	22:57:46	2e414911-48e0-4d48-9516-1e4959985364	GET: /users/63c0475e6a93db6081db3b93	undefined
20230129	22:57:55	b1979b7c-e2fc-4427-a5a8-c19c319e93cc	PUT: /users/update-profile	http://localhost:3000
20230129	22:59:28	95795fb8-7810-424c-aa9b-05ee496ffb8a	GET: /users/current-user	undefined
20230129	22:59:28	b87e3b20-7a01-467d-a8b6-af31f68d0b91	GET: /users/63c0475e6a93db6081db3b93	undefined
20230129	22:59:37	1740649c-4e9c-4584-b5a1-7b5b3266e7c1	PUT: /users/update-profile	http://localhost:3000
20230129	22:59:43	e74f1cdb-763d-4e82-a03e-e401fccef604	GET: /users/current-user	undefined
20230129	22:59:44	be2fa754-5c0d-43ba-a26b-b48ec9cd94c2	GET: /users/63c0475e6a93db6081db3b93	undefined
20230129	23:00:41	7693f8fa-ee60-4d6c-9a28-4aa5b67bd12d	PUT: /users/update-profile	http://localhost:3000
20230129	23:00:45	e052ca5c-de9a-40da-982b-ce354cbeccfd	OPTIONS: /users/undefined	http://localhost:3000
20230129	23:00:45	e46a97e3-0404-4936-a75e-b648d1211cdd	GET: /users/undefined	http://localhost:3000
20230129	23:04:05	f9e19518-b710-45c8-9458-9ab8acb1b0a0	GET: /users/current-user	undefined
20230129	23:04:06	7ea75c64-9469-4670-b233-0543b7df6cb1	GET: /users/63c0475e6a93db6081db3b93	undefined
20230129	23:04:19	ee0987ad-45d7-4a92-92df-1b45756759ba	PUT: /users/update-profile	http://localhost:3000
20230129	23:04:20	5c3e8242-a6c7-4e59-909d-17537d33da40	GET: /users/undefined	http://localhost:3000
20230129	23:04:56	042a3f98-b7fb-4a6e-8300-f233c2a50c01	GET: /users/current-user	undefined
20230129	23:04:56	588c8d6e-cf1e-498c-99bb-6406d04b835a	GET: /users/63c0475e6a93db6081db3b93	undefined
20230129	23:05:04	045a93cd-7a9f-4177-9c71-5666f85d173d	PUT: /users/update-profile	http://localhost:3000
20230129	23:05:05	cf01a1bd-b2df-4ad7-b871-a043cf3d0ca5	GET: /users/undefined	http://localhost:3000
20230129	23:05:36	afda0ae5-ea7c-48bd-96c1-eb0c971a1238	GET: /users/current-user	undefined
20230129	23:05:36	375ac321-f85d-4323-aabb-ba1c657d8a32	GET: /users/63c0475e6a93db6081db3b93	undefined
20230129	23:05:45	b3562237-339b-46e6-9dbf-d127c1e91e85	PUT: /users/update-profile	http://localhost:3000
20230129	23:05:49	39d4463b-7c1a-46e7-afc7-c2d60c7bf708	OPTIONS: /users/63c0475e6a93db6081db3b93	http://localhost:3000
20230129	23:05:49	ca73c8e9-65fa-4f6c-a30e-879f85055656	GET: /users/63c0475e6a93db6081db3b93	http://localhost:3000
20230129	23:05:59	ee517fb6-1ca1-4b10-bb23-926506002fff	GET: /users/current-user	undefined
20230129	23:05:59	3a2f43ec-abc6-4a86-a51c-453309df4a16	GET: /users/63c0475e6a93db6081db3b93	undefined
20230129	23:06:10	4858298f-4abb-4573-afaa-dc429afbc114	PUT: /users/update-profile	http://localhost:3000
20230129	23:06:13	a605f1d3-1c2c-4989-b881-ae2c70e97a15	GET: /users/63c0475e6a93db6081db3b93	http://localhost:3000
20230129	23:06:20	46252248-412b-415d-96c4-e1301a4f0619	GET: /users/current-user	undefined
20230129	23:06:20	ba4bcda2-fdec-41a5-af15-4a483f1c371b	POST: /users/role	undefined
20230129	23:06:24	253ea9cd-c993-4a7d-ab98-954ec42d10a8	GET: /users/current-user	undefined
20230129	23:06:24	8fcf0a99-1d24-4234-9288-eac126701795	GET: /users/63c047276a93db6081db3b7f	undefined
20230129	23:06:29	02a8e183-603c-489c-9ab0-08d1ac26f707	OPTIONS: /users/role	http://localhost:3000
20230129	23:06:29	aa7e39c5-6f46-4acf-bbd1-15a79ec55234	POST: /users/role	http://localhost:3000
20230129	23:06:31	bb8ffffa-54e2-40d5-a597-b2f2034a2031	GET: /users/current-user	undefined
20230129	23:06:31	6d1fa9fd-a29d-4aed-b4d5-3b45efa646bf	GET: /users/63c0471c6a93db6081db3b75	undefined
20230129	23:06:34	30a181c8-2184-46bc-8954-8bc4d3b65460	POST: /users/role	http://localhost:3000
20230129	23:06:35	f8ea01a0-b501-424e-9a26-1be8bd684a24	GET: /users/current-user	undefined
20230129	23:06:35	2c5d1c20-9231-4050-8e91-aad54175670c	GET: /users/63c0470b6a93db6081db3b6b	undefined
20230129	23:06:38	a0883427-76e5-41f8-9457-4542acd99f0e	POST: /users/role	http://localhost:3000
20230129	23:06:41	7c9a134f-6024-460e-ba49-06d491f36b3a	GET: /users/current-user	undefined
20230129	23:06:41	a0fff0a6-06fe-4d8d-a469-a842b9ec8986	POST: /users/role	undefined
20230129	23:06:44	ff4d3f21-4e81-4bf3-9ccb-0f0284facde3	GET: /users/current-user	undefined
20230129	23:06:44	7d8a235a-8098-46d1-89ac-633bc01e2084	POST: /users/role	undefined
20230129	23:06:47	19c3859b-c135-4057-9e48-d672fde4a5f7	GET: /users/current-user	undefined
20230129	23:06:47	9bcbf4cf-f0e3-455f-8f0f-2029fa63150c	GET: /users/63c0474d6a93db6081db3b89	undefined
20230129	23:06:50	0b0d3e9f-d13b-459f-97f2-48fb99050135	POST: /users/role	http://localhost:3000
20230129	23:06:52	326aa82c-7495-4c8b-ab87-5eebefaafe19	GET: /users/current-user	undefined
20230129	23:06:52	643743df-8a53-498b-b774-688319168ce5	GET: /users/63c0475e6a93db6081db3b93	undefined
