20221228	00:27:39	d85e2d87-51dc-4abb-959b-ed0bbcd574a9	POST: /auth/register	undefined
20221228	00:28:04	ef0513bd-18f7-46dd-8254-3428bce83776	POST: /auth/register	undefined
20221228	00:31:15	8a23ae40-b3f6-422b-a8f0-e7aa1614a9ec	POST: /auth/register	undefined
20221228	00:33:28	4f445393-b021-4223-a822-a02dfb1eebb0	POST: /auth/register	undefined
20221228	00:33:58	a6811ac8-3901-4f34-9dbe-f8da6216e9e2	POST: /auth/register	undefined
20221228	00:36:38	f8876268-9dd3-429d-9da1-e7779880f310	POST: /auth/register	undefined
20221228	00:38:40	1bffbc44-96a9-43e3-b917-3651afb30d56	POST: /auth/register	undefined
20221228	00:40:18	d54b1c53-cde5-4acf-85dc-5f3337145563	POST: /auth/register	undefined
20221228	00:40:33	0e5ce9d1-7ef5-4119-a8f1-1ad0c9fb1adb	POST: /auth/register	undefined
20221228	00:40:57	1286932e-27cc-4e93-82d5-302bab09888f	POST: /auth/register	undefined
20221228	05:48:32	458042f5-c072-4a50-aaf8-5cc5002bbb7b	GET: /users	undefined
20221228	05:49:58	7601044c-116f-45b5-aee1-cbe24a93588d	GET: /users	undefined
20221228	06:06:28	9fcc3226-fdf5-40f0-aa10-b7838030428a	GET: /users	undefined
20221228	06:06:45	6589b504-776b-4cd0-8245-22b68dab9487	GET: /users	undefined
20221228	06:13:13	a223b7cf-e0d6-4b84-b4cc-1431c7d417ca	GET: /users	undefined
20221228	06:13:32	fb9aa7cc-e1a3-444e-8536-f016216585ed	GET: /users	undefined
20221228	06:13:57	b2df7277-4a1a-4206-9c2c-7bdb49965d0a	GET: /users	undefined
20221228	06:15:19	3c96abf2-cb53-4622-8a1a-2c3d8486e39b	GET: /users	undefined
20221228	06:15:37	6e4e7ca6-3b03-412e-8e4f-32359f25552d	GET: /users	undefined
20221228	06:17:41	5477140b-a0eb-4453-a4c8-59bd47ca6f55	GET: /users	undefined
20221228	06:17:53	236e709a-56ab-44d6-8cc7-d9e6d5ce7438	GET: /users	undefined
20221228	06:19:35	628a824a-0016-43da-9799-8ebe399008f9	GET: /users	undefined
20221228	06:20:13	d153b505-da5e-4276-8bf5-63c8d1a6d42b	GET: /users	undefined
20221228	06:23:10	813bd481-cb43-4799-a4fd-a7881680fc38	GET: /users	undefined
20221228	06:24:57	fd5f6132-79d5-4cc0-9220-e9862525dbf3	GET: /users	undefined
20221228	06:25:20	b696c6b9-e3c4-4b51-85ca-d7cbe82343ec	GET: /users	undefined
20221228	06:25:29	6476e276-b521-49a3-9ec6-7c2ce91515a8	GET: /users	undefined
20221228	06:28:12	3fb32cc3-751f-444c-b660-580d95a8e2ed	GET: /users	undefined
20221228	06:38:01	a06d62ba-63de-435b-9fb1-2c9f67095dd9	GET: /users	undefined
20221228	06:38:33	07ac7699-2795-4a3b-a8cb-4954ddfcc9e5	GET: /users	undefined
20221228	06:39:04	cfb57cff-a7c1-4a33-87bc-c45e1cf12d8d	GET: /users	undefined
20221228	06:39:21	f5209a05-d1c1-4b43-9355-6f34b3311b3d	GET: /users	undefined
20221228	06:39:37	7b37df8c-1896-4917-bca5-a44f3d4bb411	GET: /users	undefined
20221228	06:39:50	8afe2f79-c1e4-4b65-a88d-8bd6ed59c91a	GET: /users	undefined
20221228	09:36:11	e3f7d186-bc2f-4143-899f-18c568c64166	GET: /users	undefined
20221228	09:36:42	07c0928a-08fc-4382-83a0-57a9f70ce729	GET: /users	undefined
20221228	09:37:20	a0779dd9-a26f-4bbe-a24e-1ed9d6fbba72	GET: /users	undefined
20221228	09:38:12	3c44165d-df1c-448f-ab79-642268c4232c	GET: /users	undefined
20221228	09:40:17	618dd06e-c83f-423f-ab59-a27309bffa00	GET: /users	undefined
20221228	09:41:05	f37c640d-0900-4a33-88c8-7bf8aeb85281	GET: /users	undefined
20221228	09:42:42	0e1e4ee3-7695-4a95-a3a9-8229a1b90c69	GET: /users	undefined
20221228	09:46:45	e2230883-bf4b-4b06-a8ce-097880b5f773	GET: /users	undefined
20221228	09:51:42	8d4443f1-96f3-4c02-ab6c-68e383a18865	GET: /users	undefined
20221228	09:52:11	48c922f7-f594-40ff-b9e5-33b9405d31ec	GET: /users	undefined
20221228	09:52:48	6ddc20e6-faea-46c1-9967-3bb1de49cd1b	GET: /users	undefined
20221228	09:52:56	5892168c-7ad2-4ed1-a7eb-79002f3b3fed	GET: /users	undefined
20221228	09:55:39	e6e00d78-2627-4445-9d86-cefdfeeff429	GET: /users	undefined
20221228	09:57:16	b2744a45-e7b0-4380-921a-be64e802933b	GET: /users	undefined
20221228	09:57:40	778c2739-677d-4242-893c-14c3fbe3bc3c	GET: /users	undefined
20221228	09:59:13	cc57fe70-b94d-4592-bebc-d7b85b0cb757	GET: /users	undefined
20221228	10:04:07	d9e925ad-ce96-47ef-9eb9-2ac9de819b9c	GET: /users	undefined
20221228	10:20:06	af545702-4e0b-43c1-ae73-fb711bdd3050	GET: /users	undefined
20221228	10:20:19	a68981f1-9e25-4ba9-9388-86e43789c990	GET: /users	undefined
20221228	10:21:03	264d8b43-c6b0-479e-9f11-fe6bf190e915	GET: /users	undefined
20221228	10:21:42	6574f664-a297-4216-99db-43499c8cb331	GET: /users	undefined
20221228	10:50:11	d6451ac0-ab7f-4ff3-99c5-716e09c6350c	GET: /users	undefined
20221228	10:50:24	91b28ed2-f8d4-4554-bdd0-d3fba99c9b98	GET: /users	undefined
20221228	10:52:06	8d4e2897-09d3-450c-9e25-57082894399f	GET: /users	undefined
20221228	10:52:10	db9b3aee-1fb0-42cf-9945-066474ecd96b	GET: /users	undefined
20221228	10:54:43	a49c4bf0-f428-4004-a44a-37a36f5195c6	GET: /users	undefined
20221228	10:55:09	0e23560b-2850-412c-817f-318ccbf57cad	GET: /users	undefined
20221228	10:55:33	62111d34-d5ea-4adc-b5bd-f270eb4533e8	GET: /users	undefined
20221228	10:56:23	54506ed9-778e-46eb-9b4e-6f8c8f9f2d47	GET: /users	undefined
20221228	10:56:29	104fd1ee-a6b0-4b8d-a484-6a9d1e2f18a3	GET: /users	undefined
20221228	10:58:12	da04dfb9-2196-4675-b7ae-4048a4f76c7d	GET: /users	undefined
20221228	10:58:45	d445f584-1da8-433b-a21e-8da9a9a394d1	GET: /users	undefined
20221228	10:59:21	dbdc258d-f82b-4e75-9c04-b1b680f41cf0	GET: /users	undefined
20221228	10:59:41	273424e1-13dc-4864-ac53-c5916e9bdb17	GET: /users	undefined
20221228	10:59:57	287550e9-6cbc-4747-bc5b-5dbe654d9989	GET: /users	undefined
20221228	11:00:32	513890ed-2670-4ebf-8a75-377ba787e6ac	GET: /users	undefined
20221228	11:00:50	eef5051d-5eb1-4e96-acaf-9f50c214e311	GET: /users	undefined
20221228	11:00:58	8d3f5534-01a5-411e-bec7-e6606029c53c	GET: /users	undefined
20221228	11:01:07	5449f44d-b05b-4eec-b080-f8801f2d5401	GET: /users	undefined
20221228	11:01:38	a911485f-c0f8-486b-8a00-4ba7464c8e88	GET: /users	undefined
20221228	11:01:55	6c7e1f5a-5431-4a8b-b1e0-aaa82bc72d4f	GET: /users	undefined
20221228	11:02:00	04a51fc0-f62d-4bd6-955a-f458c7d4ebd7	GET: /users	undefined
20221228	11:02:28	1a31e89a-6c2b-4262-931f-8175ffbdfd3e	GET: /users	undefined
20221228	11:02:45	f57d6730-a6ba-46d6-9d94-2ca7fdb0fc46	GET: /users	undefined
20221228	11:03:07	e8f0c180-7263-4f6b-8dd2-0affb429ff42	GET: /users	undefined
20221228	11:03:26	cb2e402e-db8e-4d38-9501-a93b83200eec	GET: /users	undefined
20221228	11:03:39	d97fded6-36c0-4d57-aafa-3e016857a337	GET: /users	undefined
20221228	11:03:52	c2ff1432-9766-4462-9a4d-466b3263e3c6	GET: /users	undefined
20221228	11:04:03	201042a9-f3d7-4006-8fba-60ad8c334e84	GET: /users	undefined
20221228	11:04:29	a8651941-4d15-4408-a55c-c5d681d66ce6	GET: /users	undefined
20221228	11:06:57	10c36c6c-f0ba-4b84-986c-8f019bcbf4f2	GET: /users	undefined
20221228	11:08:42	7a705a48-f510-4366-92c0-81aa21945cba	GET: /users	undefined
20221228	11:09:08	3c0ccdc1-0897-4c3b-8f14-81456ca79b22	GET: /users	undefined
20221228	11:09:50	f7fe7d72-85b2-4e3d-9910-5c8c286a019b	GET: /users	undefined
20221228	11:09:59	a9322dd5-4fc0-4478-844e-b34ee78c45cd	GET: /users	undefined
20221228	11:10:06	d5c81928-e6d9-471c-b538-e0b54efdfd31	GET: /users	undefined
20221228	11:10:27	a37363e0-7321-4204-9650-d77b2e12fd99	GET: /users	undefined
20221228	11:10:36	7638fd02-c978-4592-a30b-5a59c6ae53dd	GET: /users	undefined
20221228	11:10:56	699dd817-f6a4-4684-9a57-632e868ed401	GET: /users	undefined
